2023-04-02 22:19:37.670151 - Initialized conversion of CBT167
2023-04-02 22:19:37.838566 - Received CBT.V504.FILE167.PDS from FILE167.XMI 
2023-04-02 22:19:37.841274 - Found $$$#DATE.txt (text/plain) in CBT.V504.FILE167.PDS, moved to PDS/$$$#DATE
2023-04-02 22:19:37.842747 - Found $$INDEX.txt (text/plain) in CBT.V504.FILE167.PDS, moved to PDS/$$INDEX
2023-04-02 22:19:37.843800 - Found @FILE167.txt (text/plain) in CBT.V504.FILE167.PDS, moved to PDS/@FILE167
2023-04-02 22:19:37.845023 - Found C#DAYTMR.txt (text/plain) in CBT.V504.FILE167.PDS, moved to PDS/C#DAYTMR
2023-04-02 22:19:37.846423 - Found CLEAR.txt (text/plain) in CBT.V504.FILE167.PDS, moved to PDS/CLEAR
2023-04-02 22:19:37.847590 - Found DASDDAC#.txt (text/plain) in CBT.V504.FILE167.PDS, moved to PDS/DASDDAC#
2023-04-02 22:19:37.848672 - Found DASDDACA.txt (text/plain) in CBT.V504.FILE167.PDS, moved to PDS/DASDDACA
2023-04-02 22:19:37.849681 - Found DASDDAC1.txt (text/plain) in CBT.V504.FILE167.PDS, moved to PDS/DASDDAC1
2023-04-02 22:19:37.850762 - Found DASDDAC2.txt (text/plain) in CBT.V504.FILE167.PDS, moved to PDS/DASDDAC2
2023-04-02 22:19:37.851896 - Found DASDROO#.txt (text/plain) in CBT.V504.FILE167.PDS, moved to PDS/DASDROO#
2023-04-02 22:19:37.852941 - Found DASDROOM.jcl (text/plain) in CBT.V504.FILE167.PDS, moved to PDS/DASDROOM
2023-04-02 22:19:37.853918 - Found DAYTIMEA.txt (text/plain) in CBT.V504.FILE167.PDS, moved to PDS/DAYTIMEA
2023-04-02 22:19:37.855105 - Found DAYTIMR#.txt (text/plain) in CBT.V504.FILE167.PDS, moved to PDS/DAYTIMR#
2023-04-02 22:19:37.856346 - Found DTMM00.txt (text/plain) in CBT.V504.FILE167.PDS, moved to PDS/DTMM00
2023-04-02 22:19:37.857329 - Found DTMM01.txt (text/plain) in CBT.V504.FILE167.PDS, moved to PDS/DTMM01
2023-04-02 22:19:37.858406 - Found GDGBLD.txt (text/plain) in CBT.V504.FILE167.PDS, moved to PDS/GDGBLD
2023-04-02 22:19:37.859668 - Found GDGDEL.txt (text/plain) in CBT.V504.FILE167.PDS, moved to PDS/GDGDEL
2023-04-02 22:19:37.860748 - Found GDGMOD.txt (text/plain) in CBT.V504.FILE167.PDS, moved to PDS/GDGMOD
2023-04-02 22:19:37.861979 - Found GDGUTIL#.txt (text/plain) in CBT.V504.FILE167.PDS, moved to PDS/GDGUTIL#
2023-04-02 22:19:37.863255 - Found GDGUTILP.txt (text/plain) in CBT.V504.FILE167.PDS, moved to PDS/GDGUTILP
2023-04-02 22:19:37.864295 - Found GDGUTL.txt (text/plain) in CBT.V504.FILE167.PDS, moved to PDS/GDGUTL
2023-04-02 22:19:37.865474 - Found P#DAYTMR.txt (text/plain) in CBT.V504.FILE167.PDS, moved to PDS/P#DAYTMR
2023-04-02 22:19:37.866765 - Found WHOHAS.jcl (text/plain) in CBT.V504.FILE167.PDS, moved to PDS/WHOHAS
2023-04-02 22:19:37.868109 - Found WHOHAS#.txt (text/plain) in CBT.V504.FILE167.PDS, moved to PDS/WHOHAS#
2023-04-02 22:19:37.869434 - Found WHOHAS1.txt (text/plain) in CBT.V504.FILE167.PDS, moved to PDS/WHOHAS1
2023-04-02 22:19:37.870963 - Found WHOHAS2.txt (text/plain) in CBT.V504.FILE167.PDS, moved to PDS/WHOHAS2
2023-04-02 22:19:37.872211 - Found WHOHAS3.txt (text/plain) in CBT.V504.FILE167.PDS, moved to PDS/WHOHAS3
